Performing C SOURCE FILE Test CMAKE_HAVE_LIBC_PTHREAD failed with the following output:
Change Dir: /home/radium/Desktop/lora/gr-lora-parallel/cmake-build-debug/CMakeFiles/CMakeTmp

Run Build Command(s):/usr/bin/make cmTC_adadd/fast && /usr/bin/make  -f CMakeFiles/cmTC_adadd.dir/build.make CMakeFiles/cmTC_adadd.dir/build
make[1]: 进入目录“/home/radium/Desktop/lora/gr-lora-parallel/cmake-build-debug/CMakeFiles/CMakeTmp”
Building C object CMakeFiles/cmTC_adadd.dir/src.c.o
/usr/bin/cc -DCMAKE_HAVE_LIBC_PTHREAD  -std=gnu11 -o CMakeFiles/cmTC_adadd.dir/src.c.o -c /home/radium/Desktop/lora/gr-lora-parallel/cmake-build-debug/CMakeFiles/CMakeTmp/src.c
Linking C executable cmTC_adadd
/snap/clion/151/bin/cmake/linux/bin/cmake -E cmake_link_script CMakeFiles/cmTC_adadd.dir/link.txt --verbose=1
/usr/bin/cc CMakeFiles/cmTC_adadd.dir/src.c.o -o cmTC_adadd 
CMakeFiles/cmTC_adadd.dir/src.c.o：在函数‘main’中：
src.c:(.text+0x3e)：对‘pthread_create’未定义的引用
src.c:(.text+0x4a)：对‘pthread_detach’未定义的引用
src.c:(.text+0x56)：对‘pthread_cancel’未定义的引用
src.c:(.text+0x67)：对‘pthread_join’未定义的引用
src.c:(.text+0x7b)：对‘pthread_atfork’未定义的引用
collect2: error: ld returned 1 exit status
CMakeFiles/cmTC_adadd.dir/build.make:105: recipe for target 'cmTC_adadd' failed
make[1]: *** [cmTC_adadd] Error 1
make[1]: 离开目录“/home/radium/Desktop/lora/gr-lora-parallel/cmake-build-debug/CMakeFiles/CMakeTmp”
Makefile:140: recipe for target 'cmTC_adadd/fast' failed
make: *** [cmTC_adadd/fast] Error 2


Source file was:
#include <pthread.h>

static void* test_func(void* data)
{
  return data;
}

int main(void)
{
  pthread_t thread;
  pthread_create(&thread, NULL, test_func, NULL);
  pthread_detach(thread);
  pthread_cancel(thread);
  pthread_join(thread, NULL);
  pthread_atfork(NULL, NULL, NULL);
  pthread_exit(NULL);

  return 0;
}

Determining if the function pthread_create exists in the pthreads failed with the following output:
Change Dir: /home/radium/Desktop/lora/gr-lora-parallel/cmake-build-debug/CMakeFiles/CMakeTmp

Run Build Command(s):/usr/bin/make cmTC_20845/fast && /usr/bin/make  -f CMakeFiles/cmTC_20845.dir/build.make CMakeFiles/cmTC_20845.dir/build
make[1]: 进入目录“/home/radium/Desktop/lora/gr-lora-parallel/cmake-build-debug/CMakeFiles/CMakeTmp”
Building C object CMakeFiles/cmTC_20845.dir/CheckFunctionExists.c.o
/usr/bin/cc   -DCHECK_FUNCTION_EXISTS=pthread_create -std=gnu11 -o CMakeFiles/cmTC_20845.dir/CheckFunctionExists.c.o -c /snap/clion/151/bin/cmake/linux/share/cmake-3.19/Modules/CheckFunctionExists.c
Linking C executable cmTC_20845
/snap/clion/151/bin/cmake/linux/bin/cmake -E cmake_link_script CMakeFiles/cmTC_20845.dir/link.txt --verbose=1
/usr/bin/cc  -DCHECK_FUNCTION_EXISTS=pthread_create CMakeFiles/cmTC_20845.dir/CheckFunctionExists.c.o -o cmTC_20845  -lpthreads 
/usr/bin/ld: 找不到 -lpthreads
collect2: error: ld returned 1 exit status
CMakeFiles/cmTC_20845.dir/build.make:105: recipe for target 'cmTC_20845' failed
make[1]: *** [cmTC_20845] Error 1
make[1]: 离开目录“/home/radium/Desktop/lora/gr-lora-parallel/cmake-build-debug/CMakeFiles/CMakeTmp”
Makefile:140: recipe for target 'cmTC_20845/fast' failed
make: *** [cmTC_20845/fast] Error 2



